mode: set
github.com/miguel250/streaming-setup/server/chat/commands/commands.go:19.43,20.26 1 1
github.com/miguel250/streaming-setup/server/chat/commands/commands.go:25.2,25.14 1 1
github.com/miguel250/streaming-setup/server/chat/commands/commands.go:20.26,21.20 1 1
github.com/miguel250/streaming-setup/server/chat/commands/commands.go:21.20,23.4 1 1
github.com/miguel250/streaming-setup/server/chat/commands/commands.go:46.37,49.12 3 1
github.com/miguel250/streaming-setup/server/chat/commands/commands.go:49.12,50.7 1 1
github.com/miguel250/streaming-setup/server/chat/commands/commands.go:50.7,51.11 1 1
github.com/miguel250/streaming-setup/server/chat/commands/commands.go:52.33,54.19 2 1
github.com/miguel250/streaming-setup/server/chat/commands/commands.go:57.22,58.11 1 1
github.com/miguel250/streaming-setup/server/chat/commands/commands.go:54.19,56.6 1 0
github.com/miguel250/streaming-setup/server/chat/commands/commands.go:64.62,65.27 1 1
github.com/miguel250/streaming-setup/server/chat/commands/commands.go:69.2,73.9 4 1
github.com/miguel250/streaming-setup/server/chat/commands/commands.go:77.2,77.50 1 1
github.com/miguel250/streaming-setup/server/chat/commands/commands.go:65.27,67.3 1 1
github.com/miguel250/streaming-setup/server/chat/commands/commands.go:73.9,75.3 1 0
github.com/miguel250/streaming-setup/server/chat/commands/commands.go:80.37,82.2 1 1
github.com/miguel250/streaming-setup/server/chat/commands/commands.go:84.57,87.83 1 1
github.com/miguel250/streaming-setup/server/chat/commands/commands.go:87.83,90.18 3 1
github.com/miguel250/streaming-setup/server/chat/commands/commands.go:94.4,94.39 1 1
github.com/miguel250/streaming-setup/server/chat/commands/commands.go:101.4,101.14 1 1
github.com/miguel250/streaming-setup/server/chat/commands/commands.go:90.18,92.5 1 0
github.com/miguel250/streaming-setup/server/chat/commands/commands.go:94.39,97.19 3 1
github.com/miguel250/streaming-setup/server/chat/commands/commands.go:97.19,99.6 1 0
github.com/miguel250/streaming-setup/server/chat/commands/commands.go:106.49,113.83 1 1
github.com/miguel250/streaming-setup/server/chat/commands/commands.go:113.83,115.37 2 1
github.com/miguel250/streaming-setup/server/chat/commands/commands.go:123.4,123.22 1 1
github.com/miguel250/streaming-setup/server/chat/commands/commands.go:127.4,129.26 2 1
github.com/miguel250/streaming-setup/server/chat/commands/commands.go:134.4,135.26 2 1
github.com/miguel250/streaming-setup/server/chat/commands/commands.go:140.4,142.14 3 1
github.com/miguel250/streaming-setup/server/chat/commands/commands.go:115.37,117.26 2 1
github.com/miguel250/streaming-setup/server/chat/commands/commands.go:117.26,119.11 2 1
github.com/miguel250/streaming-setup/server/chat/commands/commands.go:123.22,125.5 1 1
github.com/miguel250/streaming-setup/server/chat/commands/commands.go:129.26,132.5 2 1
github.com/miguel250/streaming-setup/server/chat/commands/commands.go:135.26,138.5 2 0
github.com/miguel250/streaming-setup/server/chat/commands/commands.go:147.63,157.40 4 1
github.com/miguel250/streaming-setup/server/chat/commands/commands.go:171.2,171.18 1 1
github.com/miguel250/streaming-setup/server/chat/commands/commands.go:157.40,158.74 1 1
github.com/miguel250/streaming-setup/server/chat/commands/commands.go:166.3,169.4 1 1
github.com/miguel250/streaming-setup/server/chat/commands/commands.go:158.74,160.18 2 1
github.com/miguel250/streaming-setup/server/chat/commands/commands.go:163.4,163.14 1 1
github.com/miguel250/streaming-setup/server/chat/commands/commands.go:160.18,162.5 1 0
